<?xml version="1.0" encoding="UTF-8"?>
<!-- Generated by org.testng.reporters.JUnitReportReporter -->
<testsuite hostname="DESKTOP-31B80VT" failures="0" tests="2" name="testcases.LoginTest" time="7.346" errors="0" timestamp="2022-04-07T20:04:41 IST" skipped="0">
  <testcase classname="testcases.LoginTest" name="LoginSuccessTest" time="4.465"/>
  <system-out/>
  <testcase classname="testcases.LoginTest" name="LoginFailiureTest" time="2.881"/>
  <system-out/>
</testsuite> <!-- testcases.LoginTest -->
