<?xml version="1.0" encoding="UTF-8"?>
<!-- Generated by org.testng.reporters.JUnitReportReporter -->
<testsuite skipped="0" hostname="DESKTOP-31B80VT" name="testcases.LoginTest" tests="2" failures="0" timestamp="2022-04-07T20:05:52 IST" time="9.190" errors="0">
  <testcase name="LoginSuccessTest" time="5.711" classname="testcases.LoginTest"/>
  <system-out/>
  <testcase name="LoginFailiureTest" time="3.479" classname="testcases.LoginTest"/>
  <system-out/>
</testsuite> <!-- testcases.LoginTest -->
